<?xml version="1.0" encoding="UTF-8"?>
<!-- Generated by org.testng.reporters.JUnitReportReporter -->
<testsuite skipped="0" hostname="Monica" name="com.crm.gitpractice.BasicScriptsGit.Practicecodecommitpush" tests="1" failures="0" timestamp="09 Dec 2021 10:49:00 GMT" time="0.009" errors="0">
  <testcase name="practicecodecommitpush" time="0.009" classname="com.crm.gitpractice.BasicScriptsGit.Practicecodecommitpush"/>
</testsuite> <!-- com.crm.gitpractice.BasicScriptsGit.Practicecodecommitpush -->
