<?xml version="1.0" encoding="UTF-8"?>
<!-- Generated by org.testng.reporters.JUnitReportReporter -->
<<<<<<< HEAD
<testsuite skipped="0" hostname="Monica" name="com.crm.gitpractice.BasicScriptsGit.Practicecodecommitpush" tests="1" failures="0" timestamp="09 Dec 2021 11:23:15 GMT" time="0.008" errors="0">
  <testcase name="practicecodecommitpush" time="0.008" classname="com.crm.gitpractice.BasicScriptsGit.Practicecodecommitpush"/>
=======
<testsuite skipped="0" hostname="Monica" name="com.crm.gitpractice.BasicScriptsGit.Practicecodecommitpush" tests="1" failures="0" timestamp="09 Dec 2021 11:01:32 GMT" time="0.016" errors="0">
  <testcase name="practicecodecommitpush" time="0.016" classname="com.crm.gitpractice.BasicScriptsGit.Practicecodecommitpush"/>
>>>>>>> branch 'master' of https://github.com/Monica-Runnish/SDET-26.git
</testsuite> <!-- com.crm.gitpractice.BasicScriptsGit.Practicecodecommitpush -->
